#-----------------------------------------------------------
# Vivado v2020.2 (64-bit)
# SW Build 3064766 on Wed Nov 18 09:12:45 MST 2020
# IP Build 3064653 on Wed Nov 18 14:17:31 MST 2020
# Start of session at: Tue Apr  4 16:43:35 2023
# Process ID: 17072
# Current directory: D:/2MASTER/Vivado_Project/Axi_can_lite_fullnote/GUUUUUU
# Command line: vivado.exe -gui_launcher_event rodinguilauncherevent21056 D:\2MASTER\Vivado_Project\Axi_can_lite_fullnote\GUUUUUU\Axi_Can_Lite.xpr
# Log file: D:/2MASTER/Vivado_Project/Axi_can_lite_fullnote/GUUUUUU/vivado.log
# Journal file: D:/2MASTER/Vivado_Project/Axi_can_lite_fullnote/GUUUUUU\vivado.jou
#-----------------------------------------------------------
start_gui
open_project D:/2MASTER/Vivado_Project/Axi_can_lite_fullnote/GUUUUUU/Axi_Can_Lite.xpr
WARNING: [filemgmt 56-3] Default IP Output Path : Could not find the directory 'D:/2MASTER/Vivado_Project/Axi_can_lite_fullnote/GUUUUUU/Axi_Can_Lite.gen/sources_1'.
Scanning sources...
Finished scanning sources
INFO: [IP_Flow 19-234] Refreshing IP repositories
INFO: [IP_Flow 19-1700] Loaded user IP repository 'd:/2MASTER/Vivado_Project/IP_CAN_V9'.
INFO: [IP_Flow 19-1700] Loaded user IP repository 'd:/2MASTER/Vivado_Project/IP_CAN_V8'.
INFO: [IP_Flow 19-1700] Loaded user IP repository 'd:/2MASTER/Vivado_Project/IP_CAN_V7'.
INFO: [IP_Flow 19-1700] Loaded user IP repository 'd:/2MASTER/Vivado_Project/IP_CAN_V6'.
INFO: [IP_Flow 19-1700] Loaded user IP repository 'd:/2MASTER/Vivado_Project/IP_CANLITE'.
INFO: [IP_Flow 19-2313] Loaded Vivado IP repository 'D:/Xilinx/Vivado/2020.2/data/ip'.
open_project: Time (s): cpu = 00:00:08 ; elapsed = 00:00:05 . Memory (MB): peak = 1162.586 ; gain = 0.000
update_compile_order -fileset sources_1
exit
INFO: [Common 17-206] Exiting Vivado at Tue Apr  4 16:44:06 2023...
